# JRE version: OpenJDK Runtime Environment (15.0.1+9) (build 15.0.1+9-18)
# Java VM: OpenJDK 64-Bit Server VM (15.0.1+9-18, mixed mode, sharing, tiered, compressed oops, g1 gc, windows-amd64)
GC Precious Log:
 CPUs: 4 total, 4 available
 Memory: 8075M
 Large Page Support: Disabled
 NUMA Support: Disabled
 Compressed Oops: Enabled (32-bit)
 Heap Region Size: 1M
 Heap Min Capacity: 8M
 Heap Initial Capacity: 128M
 Heap Max Capacity: 2020M
 Pre-touch: Disabled
 Parallel Workers: 4
 Concurrent Workers: 1
 Concurrent Refinement Workers: 4
 Periodic GC: Disabled
Heap:
 garbage-first heap   total 81920K, used 43553K [0x0000000081c00000, 0x0000000100000000)
  region size 1024K, 14 young (14336K), 5 survivors (5120K)
 Metaspace       used 53100K, capacity 53758K, committed 54064K, reserved 1095680K
  class space    used 7248K, capacity 7477K, committed 7552K, reserved 1048576K
GC Heap History (20 events):
Event: 1.943 GC heap before
{Heap before GC invocations=4 (full 0):
 garbage-first heap   total 131072K, used 79606K [0x0000000081c00000, 0x0000000100000000)
  region size 1024K, 73 young (74752K), 4 survivors (4096K)
 Metaspace       used 20743K, capacity 21173K, committed 21296K, reserved 1067008K
  class space    used 2761K, capacity 2905K, committed 2944K, reserved 1048576K
}
Event: 1.949 GC heap after
{Heap after GC invocations=5 (full 0):
 garbage-first heap   total 131072K, used 13968K [0x0000000081c00000, 0x0000000100000000)
  region size 1024K, 7 young (7168K), 7 survivors (7168K)
 Metaspace       used 20743K, capacity 21173K, committed 21296K, reserved 1067008K
  class space    used 2761K, capacity 2905K, committed 2944K, reserved 1048576K
}
Event: 2.306 GC heap before
{Heap before GC invocations=6 (full 0):
 garbage-first heap   total 55296K, used 52880K [0x0000000081c00000, 0x0000000100000000)
  region size 1024K, 46 young (47104K), 7 survivors (7168K)
 Metaspace       used 24740K, capacity 25234K, committed 25392K, reserved 1071104K
  class space    used 3290K, capacity 3437K, committed 3456K, reserved 1048576K
}
Event: 2.315 GC heap after
{Heap after GC invocations=7 (full 0):
 garbage-first heap   total 79872K, used 16895K [0x0000000081c00000, 0x0000000100000000)
  region size 1024K, 7 young (7168K), 7 survivors (7168K)
 Metaspace       used 24740K, capacity 25234K, committed 25392K, reserved 1071104K
  class space    used 3290K, capacity 3437K, committed 3456K, reserved 1048576K
}
Event: 2.370 GC heap before
{Heap before GC invocations=7 (full 0):
 garbage-first heap   total 79872K, used 55807K [0x0000000081c00000, 0x0000000100000000)
  region size 1024K, 46 young (47104K), 7 survivors (7168K)
 Metaspace       used 25182K, capacity 25650K, committed 25776K, reserved 1071104K
  class space    used 3326K, capacity 3469K, committed 3584K, reserved 1048576K
}
Event: 2.375 GC heap after
{Heap after GC invocations=8 (full 0):
 garbage-first heap   total 79872K, used 17621K [0x0000000081c00000, 0x0000000100000000)
  region size 1024K, 1 young (1024K), 1 survivors (1024K)
 Metaspace       used 25182K, capacity 25650K, committed 25776K, reserved 1071104K
  class space    used 3326K, capacity 3469K, committed 3584K, reserved 1048576K
}
Event: 2.508 GC heap before
{Heap before GC invocations=8 (full 0):
 garbage-first heap   total 79872K, used 59605K [0x0000000081c00000, 0x0000000100000000)
  region size 1024K, 43 young (44032K), 1 survivors (1024K)
 Metaspace       used 25672K, capacity 26209K, committed 26416K, reserved 1073152K
  class space    used 3403K, capacity 3634K, committed 3712K, reserved 1048576K
}
Event: 2.511 GC heap after
{Heap after GC invocations=9 (full 0):
 garbage-first heap   total 79872K, used 17595K [0x0000000081c00000, 0x0000000100000000)
  region size 1024K, 1 young (1024K), 1 survivors (1024K)
 Metaspace       used 25672K, capacity 26209K, committed 26416K, reserved 1073152K
  class space    used 3403K, capacity 3634K, committed 3712K, reserved 1048576K
}
Event: 3.188 GC heap before
{Heap before GC invocations=9 (full 0):
 garbage-first heap   total 79872K, used 61627K [0x0000000081c00000, 0x0000000100000000)
  region size 1024K, 44 young (45056K), 1 survivors (1024K)
 Metaspace       used 35221K, capacity 35775K, committed 35888K, reserved 1081344K
  class space    used 4713K, capacity 4920K, committed 4992K, reserved 1048576K
}
Event: 3.192 GC heap after
{Heap after GC invocations=10 (full 0):
 garbage-first heap   total 79872K, used 20496K [0x0000000081c00000, 0x0000000100000000)
  region size 1024K, 4 young (4096K), 4 survivors (4096K)
 Metaspace       used 35221K, capacity 35775K, committed 35888K, reserved 1081344K
  class space    used 4713K, capacity 4920K, committed 4992K, reserved 1048576K
}
Event: 3.193 GC heap before
{Heap before GC invocations=10 (full 0):
 garbage-first heap   total 79872K, used 20496K [0x0000000081c00000, 0x0000000100000000)
  region size 1024K, 5 young (5120K), 4 survivors (4096K)
 Metaspace       used 35260K, capacity 35807K, committed 35888K, reserved 1081344K
  class space    used 4717K, capacity 4952K, committed 4992K, reserved 1048576K
}
Event: 3.196 GC heap after
{Heap after GC invocations=11 (full 0):
 garbage-first heap   total 96256K, used 20565K [0x0000000081c00000, 0x0000000100000000)
  region size 1024K, 3 young (3072K), 3 survivors (3072K)
 Metaspace       used 35260K, capacity 35807K, committed 35888K, reserved 1081344K
  class space    used 4717K, capacity 4952K, committed 4992K, reserved 1048576K
}
Event: 4.036 GC heap before
{Heap before GC invocations=12 (full 0):
 garbage-first heap   total 81920K, used 66645K [0x0000000081c00000, 0x0000000100000000)
  region size 1024K, 48 young (49152K), 3 survivors (3072K)
 Metaspace       used 44436K, capacity 45103K, committed 45360K, reserved 1089536K
  class space    used 6013K, capacity 6212K, committed 6272K, reserved 1048576K
}
Event: 4.042 GC heap after
{Heap after GC invocations=13 (full 0):
 garbage-first heap   total 81920K, used 23637K [0x0000000081c00000, 0x0000000100000000)
  region size 1024K, 6 young (6144K), 6 survivors (6144K)
 Metaspace       used 44436K, capacity 45103K, committed 45360K, reserved 1089536K
  class space    used 6013K, capacity 6212K, committed 6272K, reserved 1048576K
}
Event: 4.438 GC heap before
{Heap before GC invocations=14 (full 0):
 garbage-first heap   total 81920K, used 65621K [0x0000000081c00000, 0x0000000100000000)
  region size 1024K, 47 young (48128K), 6 survivors (6144K)
 Metaspace       used 47681K, capacity 48287K, committed 48432K, reserved 1091584K
  class space    used 6474K, capacity 6670K, committed 6784K, reserved 1048576K
}
Event: 4.446 GC heap after
{Heap after GC invocations=15 (full 0):
 garbage-first heap   total 81920K, used 26845K [0x0000000081c00000, 0x0000000100000000)
  region size 1024K, 6 young (6144K), 6 survivors (6144K)
 Metaspace       used 47681K, capacity 48287K, committed 48432K, reserved 1091584K
  class space    used 6474K, capacity 6670K, committed 6784K, reserved 1048576K
}
Event: 4.809 GC heap before
{Heap before GC invocations=15 (full 0):
 garbage-first heap   total 81920K, used 64733K [0x0000000081c00000, 0x0000000100000000)
  region size 1024K, 43 young (44032K), 6 survivors (6144K)
 Metaspace       used 50388K, capacity 51029K, committed 51120K, reserved 1093632K
  class space    used 6908K, capacity 7133K, committed 7168K, reserved 1048576K
}
Event: 4.817 GC heap after
{Heap after GC invocations=16 (full 0):
 garbage-first heap   total 81920K, used 31149K [0x0000000081c00000, 0x0000000100000000)
  region size 1024K, 4 young (4096K), 4 survivors (4096K)
 Metaspace       used 50388K, capacity 51029K, committed 51120K, reserved 1093632K
  class space    used 6908K, capacity 7133K, committed 7168K, reserved 1048576K
}
Event: 5.109 GC heap before
{Heap before GC invocations=16 (full 0):
 garbage-first heap   total 81920K, used 63917K [0x0000000081c00000, 0x0000000100000000)
  region size 1024K, 36 young (36864K), 4 survivors (4096K)
 Metaspace       used 51876K, capacity 52506K, committed 52656K, reserved 1095680K
  class space    used 7115K, capacity 7342K, committed 7424K, reserved 1048576K
}
Event: 5.115 GC heap after
{Heap after GC invocations=17 (full 0):
 garbage-first heap   total 81920K, used 35361K [0x0000000081c00000, 0x0000000100000000)
  region size 1024K, 5 young (5120K), 5 survivors (5120K)
 Metaspace       used 51876K, capacity 52506K, committed 52656K, reserved 1095680K
  class space    used 7115K, capacity 7342K, committed 7424K, reserved 1048576K
}

